<?xml version="1.0" encoding="UTF-8"?>
<!-- Generated by org.testng.reporters.JUnitReportReporter -->
<testsuite hostname="DESKTOP-HMLGV3R" failures="0" tests="1" name="dDt.SampleTest" time="0.531" errors="0" timestamp="2024-07-24T18:07:08 IST" skipped="0">
  <testcase classname="dDt.SampleTest" name="smple" time="0.531"/>
  <system-out/>
</testsuite> <!-- dDt.SampleTest -->
