<?xml version="1.0" encoding="UTF-8"?>
<!-- Generated by org.testng.reporters.JUnitReportReporter -->
<testsuite hostname="DESKTOP-HMLGV3R" failures="0" tests="1" name="dDt.ReadDatafromTestNGXmlTest" time="0.022" errors="0" timestamp="2024-07-24T11:59:33 IST" skipped="0">
  <testcase classname="dDt.ReadDatafromTestNGXmlTest" name="sampleTest" time="0.022"/>
  <system-out/>
</testsuite> <!-- dDt.ReadDatafromTestNGXmlTest -->
