<?xml version="1.0" encoding="UTF-8"?>
<!-- Generated by org.testng.reporters.JUnitReportReporter -->
<testsuite hostname="DESKTOP-HMLGV3R" failures="0" tests="1" name="practice.pom.repository.SampleTestwithOutpom2" time="18.515" errors="0" timestamp="2024-07-30T14:48:49 IST" skipped="0">
  <testcase classname="practice.pom.repository.SampleTestwithOutpom2" name="sampleTest" time="18.515"/>
  <system-out/>
</testsuite> <!-- practice.pom.repository.SampleTestwithOutpom2 -->
