<?xml version="1.0" encoding="UTF-8"?>
<!-- Generated by org.testng.reporters.JUnitReportReporter -->
<testsuite hostname="DESKTOP-HMLGV3R" failures="0" tests="1" name="dDt.SampleunitTestCheckProjectInBackTest" time="0.620" errors="0" timestamp="2024-08-08T07:01:40 IST" skipped="0">
  <testcase classname="dDt.SampleunitTestCheckProjectInBackTest" name="projectCheckTest" time="0.620"/>
  <system-out/>
</testsuite> <!-- dDt.SampleunitTestCheckProjectInBackTest -->
