<?xml version="1.0" encoding="UTF-8"?>
<!-- Generated by org.testng.reporters.JUnitReportReporter -->
<testsuite hostname="DESKTOP-HMLGV3R" failures="0" tests="1" name="dDt.SeleniumTestReadDataFromRuntime" time="16.301" errors="0" timestamp="2024-07-24T09:25:01 IST" skipped="0">
  <testcase classname="dDt.SeleniumTestReadDataFromRuntime" name="seleniumTest" time="16.301"/>
  <system-out/>
</testsuite> <!-- dDt.SeleniumTestReadDataFromRuntime -->
