<?xml version="1.0" encoding="UTF-8"?>
<!-- Generated by org.testng.reporters.JUnitReportReporter -->
<testsuite hostname="DESKTOP-HMLGV3R" failures="0" tests="1" name="dDt.CreateORG" time="47.782" errors="0" timestamp="2024-07-23T23:05:51 IST" skipped="0">
  <testcase classname="dDt.CreateORG" name="CreateOrgTest" time="47.782"/>
  <system-out/>
</testsuite> <!-- dDt.CreateORG -->
