<?xml version="1.0" encoding="UTF-8"?>
<!-- Generated by org.testng.reporters.JUnitReportReporter -->
<testsuite hostname="DESKTOP-HMLGV3R" failures="0" tests="1" name="dDt.ReadRuntimeMavenParameterTest" time="0.011" errors="0" timestamp="2024-07-23T18:17:14 IST" skipped="0">
  <testcase classname="dDt.ReadRuntimeMavenParameterTest" name="runtimParameterTest" time="0.011"/>
  <system-out/>
</testsuite> <!-- dDt.ReadRuntimeMavenParameterTest -->
